<?xml version="1.0" encoding="UTF-8"?>
<!-- Generated by org.testng.reporters.JUnitXMLReporter -->
<testsuite hostname="FOCUS-QA-133" name="Test" tests="8" failures="0" timestamp="9 Dec 2022 04:16:15 GMT" time="101.298" errors="0">
  <testcase name="verifyBrowserOpen" time="10.306" classname="com.focus.testcases.URLBrowserTest"/>
  <testcase name="checkLoginPageTitleByURLInputInBrowser" time="6.279" classname="com.focus.testcases.URLBrowserTest"/>
  <testcase name="checkLoginPageAvailablityOfFields" time="1.959" classname="com.focus.testcases.LoginPageTest"/>
  <testcase name="checkCompanyTextDisplayInCompanyListDropdown" time="0.05" classname="com.focus.testcases.LoginPageTest"/>
  <testcase name="verifyTheNumberOfListInCompanyDropdownList" time="0.136" classname="com.focus.testcases.LoginPageTest"/>
  <testcase name="checkSignInBtnWithValidUserNameAndValidPassword" time="13.337" classname="com.focus.testcases.LoginPageTest"/>
  <testcase name="checkStockLedgerReportForBrBatchItem" time="34.454" classname="com.focus.testcases.ItemQueryPageTest"/>
  <testcase name="checkStockLedgerReportForBrBatchItem" time="34.186" classname="com.focus.testcases.ItemQueryPageTest"/>
</testsuite> <!-- Test -->
